<?xml version='1.0' encoding='UTF-8'?>
<testsuite hostname="DESKTOP-IMVU57F" name="patmat.HuffmanSuite" tests="6" errors="0" failures="1" skipped="0" time="0.085" timestamp="2020-02-12T14:41:11">
                     <properties>
      <property name="jline.esc.timeout" value="0"/><property name="java.runtime.name" value="Java(TM) SE Runtime Environment"/><property name="sun.boot.library.path" value="C:\Program Files\Java\jdk1.8.0_241\jre\bin"/><property name="java.vm.version" value="25.241-b07"/><property name="java.vm.vendor" value="Oracle Corporation"/><property name="java.vendor.url" value="http://java.oracle.com/"/><property name="path.separator" value=";"/><property name="jna.loaded" value="true"/><property name="java.vm.name" value="Java HotSpot(TM) 64-Bit Server VM"/><property name="file.encoding.pkg" value="sun.io"/><property name="user.country" value="US"/><property name="user.script" value=""/><property name="sun.java.launcher" value="SUN_STANDARD"/><property name="sun.os.patch.level" value=""/><property name="jna.nosys" value="true"/><property name="java.vm.specification.name" value="Java Virtual Machine Specification"/><property name="user.dir" value="C:\Users\david\Documents\github\scala-course\patmat"/><property name="java.runtime.version" value="1.8.0_241-b07"/><property name="java.awt.graphicsenv" value="sun.awt.Win32GraphicsEnvironment"/><property name="idea.managed" value="true"/><property name="java.endorsed.dirs" value="C:\Program Files\Java\jdk1.8.0_241\jre\lib\endorsed"/><property name="os.arch" value="amd64"/><property name="java.io.tmpdir" value="C:\Users\david\AppData\Local\Temp\"/><property name="line.separator" value="
"/><property name="java.vm.specification.vendor" value="Oracle Corporation"/><property name="user.variant" value=""/><property name="os.name" value="Windows 10"/><property name="sbt.log.noformat" value="true"/><property name="sun.jnu.encoding" value="Cp1252"/><property name="jnidispatch.path" value="C:\Users\david\AppData\Local\Temp\jna-95358580\jna8343786302011702307.dll"/><property name="java.library.path" value="C:\Program Files\Java\jdk1.8.0_241\bin;C:\WINDOWS\Sun\Java\bin;C:\WINDOWS\system32;C:\WINDOWS;C:\Program Files (x86)\Common Files\Oracle\Java\javapath;C:\Program Files\AdoptOpenJDK\jdk-8.0.242.08-hotspot\bin;C:\Program Files (x86)\Razer\ChromaBroadcast\bin;C:\Program Files\Razer\ChromaBroadcast\bin;C:\Program Files (x86)\Razer Chroma SDK\bin;C:\Program Files\Razer Chroma SDK\bin;C:\Program Files (x86)\Razer\ChromaBroadcast\bin;C:\tools\cuda\bin;C:\Program Files\Razer\ChromaBroadcast\bin;C:\Program Files\NVIDIA GPU Computing Toolkit\CUDA\v10.0\bin;C:\Program Files\NVIDIA GPU Computing Toolkit\CUDA\v10.0\libnvvp;C:\tools\pip\Scripts;C:\Windows\system32;C:\Windows;C:\Windows\System32\Wbem;C:\Windows\System32\WindowsPowerShell\v1.0\;C:\Windows\System32\OpenSSH\;C:\ProgramData\chocolatey\bin;C:\Program Files\Git\cmd;C:\Program Files (x86)\NVIDIA Corporation\PhysX\Common;C:\Program Files\NVIDIA Corporation\NVIDIA NvDLISR;C:\tools\TensorRT-5.0.4.3\lib;C:\WINDOWS\system32;C:\WINDOWS;C:\WINDOWS\System32\Wbem;C:\WINDOWS\System32\WindowsPowerShell\v1.0\;C:\WINDOWS\System32\OpenSSH\;C:\Program Files\Microsoft VS Code\bin;C:\WINDOWS\system32\config\systemprofile\AppData\Local\Microsoft\WindowsApps;C:\Program Files\nodejs\;C:\Program Files (x86)\Yarn\bin\;C:\Program Files (x86)\sbt\bin;C:\Program Files\AdoptOpenJDK\jdk-8.0.242.08-hotspot\\bin;C:\Program Files\dotnet\;C:\Users\david\AppData\Local\Programs\Python\Python37\Scripts\;C:\Users\david\AppData\Local\Programs\Python\Python37\;C:\Users\david\AppData\Local\Microsoft\WindowsApps;C:\Users\david\AppData\Roaming\npm;C:\Users\david\AppData\Local\Yarn\bin;C:\Program Files\JetBrains\IntelliJ IDEA Community Edition 2019.3.2\bin;;."/><property name="java.specification.name" value="Java Platform API Specification"/><property name="java.class.version" value="52.0"/><property name="sun.management.compiler" value="HotSpot 64-Bit Tiered Compilers"/><property name="os.version" value="10.0"/><property name="user.home" value="C:\Users\david"/><property name="user.timezone" value="America/New_York"/><property name="java.awt.printerjob" value="sun.awt.windows.WPrinterJob"/><property name="file.encoding" value="UTF-8"/><property name="java.specification.version" value="1.8"/><property name="java.class.path" value="C:\Users\david\.IdeaIC2019.3\config\plugins\Scala\launcher\sbt-launch.jar"/><property name="user.name" value="david"/><property name="jline.shutdownhook" value="false"/><property name="java.vm.specification.version" value="1.8"/><property name="sun.java.command" value="C:\Users\david\.IdeaIC2019.3\config\plugins\Scala\launcher\sbt-launch.jar early(addPluginSbtFile=&quot;&quot;&quot;C:\Users\david\AppData\Local\Temp\idea.sbt&quot;&quot;&quot;) ; set ideaPort in Global := 52127 ; idea-shell"/><property name="java.home" value="C:\Program Files\Java\jdk1.8.0_241\jre"/><property name="sun.arch.data.model" value="64"/><property name="user.language" value="en"/><property name="java.specification.vendor" value="Oracle Corporation"/><property name="awt.toolkit" value="sun.awt.windows.WToolkit"/><property name="java.vm.info" value="mixed mode"/><property name="java.version" value="1.8.0_241"/><property name="java.ext.dirs" value="C:\Program Files\Java\jdk1.8.0_241\jre\lib\ext;C:\WINDOWS\Sun\Java\lib\ext"/><property name="sun.boot.class.path" value="C:\Program Files\Java\jdk1.8.0_241\jre\lib\resources.jar;C:\Program Files\Java\jdk1.8.0_241\jre\lib\rt.jar;C:\Program Files\Java\jdk1.8.0_241\jre\lib\sunrsasign.jar;C:\Program Files\Java\jdk1.8.0_241\jre\lib\jsse.jar;C:\Program Files\Java\jdk1.8.0_241\jre\lib\jce.jar;C:\Program Files\Java\jdk1.8.0_241\jre\lib\charsets.jar;C:\Program Files\Java\jdk1.8.0_241\jre\lib\jfr.jar;C:\Program Files\Java\jdk1.8.0_241\jre\classes"/><property name="java.vendor" value="Oracle Corporation"/><property name="sun.stderr.encoding" value="cp437"/><property name="file.separator" value="\"/><property name="java.vendor.url.bug" value="http://bugreport.sun.com/bugreport/"/><property name="sbt.supershell" value="false"/><property name="sun.io.unicode.encoding" value="UnicodeLittle"/><property name="sun.cpu.endian" value="little"/><property name="sun.stdout.encoding" value="cp437"/><property name="sun.desktop" value="windows"/><property name="sun.cpu.isalist" value="amd64"/>
    </properties>
                     <testcase classname="patmat.HuffmanSuite" name="chars of a larger tree (10pts)" time="0.039">
                                                 
                                               </testcase><testcase classname="patmat.HuffmanSuite" name="weight of a larger tree (10pts)" time="0.001">
                                                 
                                               </testcase><testcase classname="patmat.HuffmanSuite" name="decode and encode a very short text should be identity (10pts)" time="0.041">
                                                 
                                               </testcase><testcase classname="patmat.HuffmanSuite" name="string2chars hello world" time="0.001">
                                                 
                                               </testcase><testcase classname="patmat.HuffmanSuite" name="combine of some leaf list (15pts)" time="0.001">
                                                 <failure message="java.lang.AssertionError: expected:&lt;List(Fork(Leaf(e,1),Leaf(t,2),List(e, t),3), Leaf(x,4))&gt; but was:&lt;List(Fork(Leaf(e,1),Leaf(t,2),List(e),1), Leaf(x,4))&gt;" type="sbt.ForkMain$ForkError">sbt.ForkMain$ForkError: java.lang.AssertionError: expected:&lt;List(Fork(Leaf(e,1),Leaf(t,2),List(e, t),3), Leaf(x,4))&gt; but was:&lt;List(Fork(Leaf(e,1),Leaf(t,2),List(e),1), Leaf(x,4))&gt;
	at org.junit.Assert.fail(Assert.java:88)
	at org.junit.Assert.failNotEquals(Assert.java:743)
	at org.junit.Assert.assertEquals(Assert.java:118)
	at org.junit.Assert.assertEquals(Assert.java:144)
	at patmat.HuffmanSuite.combine$u0020of$u0020some$u0020leaf$u0020list$u0020$u002815pts$u0029(HuffmanSuite.scala:36)
	at sun.reflect.NativeMethodAccessorImpl.invoke0(Native Method)
	at sun.reflect.NativeMethodAccessorImpl.invoke(NativeMethodAccessorImpl.java:62)
	at sun.reflect.DelegatingMethodAccessorImpl.invoke(DelegatingMethodAccessorImpl.java:43)
	at java.lang.reflect.Method.invoke(Method.java:498)
	at org.junit.runners.model.FrameworkMethod$1.runReflectiveCall(FrameworkMethod.java:47)
	at org.junit.internal.runners.model.ReflectiveCallable.run(ReflectiveCallable.java:12)
	at org.junit.runners.model.FrameworkMethod.invokeExplosively(FrameworkMethod.java:44)
	at org.junit.internal.runners.statements.InvokeMethod.evaluate(InvokeMethod.java:17)
	at org.junit.internal.runners.statements.FailOnTimeout$StatementThread.run(FailOnTimeout.java:74)
</failure>
                                               </testcase><testcase classname="patmat.HuffmanSuite" name="make ordered leaf list for some frequency table (15pts)" time="0.002">
                                                 
                                               </testcase>
                     <system-out><![CDATA[]]></system-out>
                     <system-err><![CDATA[]]></system-err>
                   </testsuite>